<?xml version="1.0" encoding="UTF-8"?>
<!-- Generated by org.testng.reporters.JUnitReportReporter -->
<testsuite skipped="0" hostname="PC447084" name="org.cucumber.util.Runner" tests="1" failures="0" timestamp="13 Jun 2019 11:56:30 GMT" time="31.743" errors="0">
  <testcase name="runFeatures" time="31.743" classname="org.cucumber.util.Runner"/>
</testsuite> <!-- org.cucumber.util.Runner -->
