<?xml version="1.0" encoding="UTF-8"?>
<!-- Generated by org.testng.reporters.JUnitReportReporter -->
<testsuite skipped="0" hostname="PC447084" name="org.cucumber.tests.OpenMRSTests" tests="1" failures="0" timestamp="11 Jun 2019 08:39:19 GMT" time="8.069" errors="0">
  <testcase name="login" time="8.069" classname="org.cucumber.tests.OpenMRSTests"/>
</testsuite> <!-- org.cucumber.tests.OpenMRSTests -->
