<?xml version="1.0" encoding="UTF-8"?>
<!-- Generated by org.testng.reporters.JUnitReportReporter -->
<testsuite skipped="0" hostname="PC447084" name="org.cucumber.util.Runner" tests="1" failures="0" timestamp="17 Jun 2019 11:18:14 GMT" time="14.281" errors="0">
  <testcase name="runFeatures" time="14.281" classname="org.cucumber.util.Runner"/>
</testsuite> <!-- org.cucumber.util.Runner -->
