<?xml version="1.0" encoding="UTF-8"?>
<!-- Generated by org.testng.reporters.JUnitReportReporter -->
<testsuite skipped="1" hostname="PC447084" name="cucumberTraining.CukesRunnerTest" tests="1" failures="0" timestamp="11 Jun 2019 08:10:58 GMT" time="0.437" errors="0">
  <testcase name="run_cukes" time="0.437" classname="cucumberTraining.CukesRunnerTest">
    <skipped/>
  </testcase> <!-- run_cukes -->
</testsuite> <!-- cucumberTraining.CukesRunnerTest -->
